# Modified by YaST2. Last modification on Sat Jun 13 14:41:10 CEST 2009
default 0
timeout 8
setkey parenleft asterisk
setkey semicolon less
setkey percent caret
setkey slash ampersand
setkey Y Z
setkey y z
setkey Z Y
setkey less numbersign
setkey underscore question
setkey equal parenright
setkey ampersand percent
setkey minus slash
setkey parenright parenleft
setkey colon greater
setkey plus bracketright
setkey question underscore
setkey numbersign backslash
setkey greater bar
setkey asterisk braceright
setkey doublequote at
setkey z y

title Nuke, kernel4
  root (fd0)
  kernel /kernel4/rocket.nbl
  module /kernel4/nuke.nke --kernel
  #module /kernel4/fuel.nsi

title Nuke, kernel3
  root (fd0)
  kernel /kernel3/nuke.nke
